<?xml version="1.0" encoding="UTF-8"?>
<testsuite name="Ver PDF de instrucciones" tests="1" skipped="0" failures="0" errors="0" timestamp="2022-12-09T11:31:59" hostname="DESKTOP-QN533LK" time="15.778">
  <properties/>
  <testcase name="PDF" classname="Ver PDF de instrucciones" time="15.778"/>
  <system-out><![CDATA[URL guardada: https://www.aerocivil.gov.co/atencion/presupuesto/Estados%20Financieros/Estado%20de%20Situaci%C3%B3n%20Financiera%20a%2031%20de%20Octubre%20de%202022.pdf
https://www.aerocivil.gov.co/atencion/presupuesto/Estados%20Financieros/Estado%20de%20Situaci%C3%B3n%20Financiera%20a%2031%20de%20Octubre%20de%202022.pdf
]]></system-out>
  <system-err><![CDATA[Starting ChromeDriver 108.0.5359.71 (1e0e3868ee06e91ad636a874420e3ca3ae3756ac-refs/branch-heads/5359@{#1016}) on port 42327
Only local connections are allowed.
Please see https://chromedriver.chromium.org/security-considerations for suggestions on keeping ChromeDriver safe.
ChromeDriver was started successfully.
dic 09, 2022 6:32:01 AM org.openqa.selenium.remote.ProtocolHandshake createSession
INFORMACIÓN: Detected dialect: W3C
[Test worker] INFO net.thucydides.core.steps.ConsoleLoggingListener - 
        __    _____ _____ ____ _____   ____   _    ____  ____  _____ ____  
  _     \ \  |_   _| ____/ ___|_   _| |  _ \ / \  / ___|/ ___|| ____|  _ \ 
 (_)_____| |   | | |  _| \___ \ | |   | |_) / _ \ \___ \\___ \|  _| | | | |
  _|_____| |   | | | |___ ___) || |   |  __/ ___ \ ___) |___) | |___| |_| |
 (_)     | |   |_| |_____|____/ |_|   |_| /_/   \_\____/|____/|_____|____/ 
        /_/                                                                

TEST PASSED: PDF
----------------------------------------------------------------------------
]]></system-err>
</testsuite>
